2021-04-19 18:06:12,141 - instabot version: 0.117.0 (bot) - INFO - Instabot version: 0.117.0 Started
2021-04-19 18:06:12,142 - instabot version: 0.117.0 (bot) - DEBUG - Bot imported from c:\users\yelzha\appdata\local\programs\python\python37\lib\site-packages\instabot\bot\bot.py
2021-04-19 18:06:12,143 - instabot version: 0.117.0 (api_login) - INFO - Not yet logged in starting: PRE-LOGIN FLOW!
2021-04-19 18:06:12,843 - instabot version: 0.117.0 (api) - DEBUG - POST to endpoint: accounts/get_prefill_candidates/ returned response: <Response [200]>
2021-04-19 18:06:13,708 - instabot version: 0.117.0 (api) - DEBUG - POST to endpoint: qe/sync/ returned response: <Response [200]>
2021-04-19 18:06:14,281 - instabot version: 0.117.0 (api) - DEBUG - POST to endpoint: launcher/sync/ returned response: <Response [200]>
2021-04-19 18:06:14,814 - instabot version: 0.117.0 (api) - DEBUG - POST to endpoint: accounts/contact_point_prefill/ returned response: <Response [200]>
2021-04-19 18:06:16,864 - instabot version: 0.117.0 (api) - DEBUG - POST to endpoint: accounts/login/ returned response: <Response [200]>
2021-04-19 18:06:16,864 - instabot version: 0.117.0 (api) - INFO - Logged-in successfully as 'z.y.yeltay'!
2021-04-19 18:06:16,866 - instabot version: 0.117.0 (api_login) - INFO - LOGIN FLOW! Just logged-in: True
2021-04-19 18:06:17,452 - instabot version: 0.117.0 (api) - DEBUG - POST to endpoint: qe/sync/ returned response: <Response [200]>
2021-04-19 18:06:18,046 - instabot version: 0.117.0 (api) - DEBUG - POST to endpoint: launcher/sync/ returned response: <Response [200]>
2021-04-19 18:06:18,665 - instabot version: 0.117.0 (api) - DEBUG - GET to endpoint: zr/token/result/?device_id=android-91bb9b5305a16ebb&token_hash=&custom_device_id=android-91bb9b5305a16ebb&fetch_reason=token_expired returned response: <Response [200]>
2021-04-19 18:06:19,257 - instabot version: 0.117.0 (api) - DEBUG - GET to endpoint: multiple_accounts/get_account_family/ returned response: <Response [200]>
2021-04-19 18:06:19,869 - instabot version: 0.117.0 (api) - DEBUG - POST to endpoint: qe/sync/ returned response: <Response [200]>
2021-04-19 18:06:20,746 - instabot version: 0.117.0 (api) - DEBUG - GET to endpoint: igtv/browse_feed/?prefetch=1 returned response: <Response [200]>
2021-04-19 18:06:21,411 - instabot version: 0.117.0 (api) - DEBUG - POST to endpoint: creatives/ar_class/ returned response: <Response [200]>
2021-04-19 18:06:22,624 - instabot version: 0.117.0 (api) - DEBUG - POST to endpoint: feed/reels_tray/ returned response: <Response [200]>
2021-04-19 18:06:24,679 - instabot version: 0.117.0 (api) - DEBUG - POST to endpoint: feed/timeline/ returned response: <Response [200]>
2021-04-19 18:06:25,361 - instabot version: 0.117.0 (api) - DEBUG - GET to endpoint: media/blocked/ returned response: <Response [200]>
2021-04-19 18:06:26,744 - instabot version: 0.117.0 (api) - DEBUG - GET to endpoint: news/inbox/ returned response: <Response [200]>
2021-04-19 18:06:27,400 - instabot version: 0.117.0 (api) - DEBUG - GET to endpoint: loom/fetch_config/ returned response: <Response [200]>
2021-04-19 18:06:29,034 - instabot version: 0.117.0 (api) - DEBUG - GET to endpoint: scores/bootstrap/users/?surfaces=["autocomplete_user_list","coefficient_besties_list_ranking","coefficient_rank_recipient_user_suggestion","coefficient_ios_section_test_bootstrap_ranking","coefficient_direct_recipients_ranking_variant_2"] returned response: <Response [200]>
2021-04-19 18:06:29,650 - instabot version: 0.117.0 (api) - DEBUG - GET to endpoint: business/eligibility/get_monetization_products_eligibility_data/?product_types=branded_content returned response: <Response [200]>
2021-04-19 18:06:30,249 - instabot version: 0.117.0 (api) - DEBUG - GET to endpoint: business/branded_content/should_require_professional_account/ returned response: <Response [200]>
2021-04-19 18:06:31,356 - instabot version: 0.117.0 (api) - DEBUG - GET to endpoint: linked_accounts/get_linkage_status/ returned response: <Response [200]>
2021-04-19 18:06:32,105 - instabot version: 0.117.0 (api) - DEBUG - GET to endpoint: locations/request_country/ returned response: <Response [200]>
2021-04-19 18:06:32,755 - instabot version: 0.117.0 (api) - DEBUG - GET to endpoint: qp/get_cooldowns/?signed_body=signed_body=4b9c516a5410a3bc128e09c6104a7f042146b9c2023870560c63a43a7f66781c.4&ig_sig_key_version=4&ig_sig_key_version=4 returned response: <Response [200]>
2021-04-19 18:06:33,467 - instabot version: 0.117.0 (api) - DEBUG - GET to endpoint: users/arlink_download_info/?version_override=2.2.1 returned response: <Response [200]>
2021-04-19 18:06:34,627 - instabot version: 0.117.0 (api) - DEBUG - GET to endpoint: users/6941298608/info/ returned response: <Response [200]>
2021-04-19 18:06:35,308 - instabot version: 0.117.0 (api) - DEBUG - GET to endpoint: direct_v2/get_presence/ returned response: <Response [200]>
2021-04-19 18:06:37,835 - instabot version: 0.117.0 (api) - DEBUG - GET to endpoint: direct_v2/inbox/?visual_message_return_type=unseen&thread_message_limit=10&persistentBadging=true&limit=20 returned response: <Response [200]>
2021-04-19 18:06:38,581 - instabot version: 0.117.0 (api) - DEBUG - GET to endpoint: direct_v2/inbox/?visual_message_return_type=unseen&persistentBadging=true&limit=0 returned response: <Response [200]>
2021-04-19 18:06:41,465 - instabot version: 0.117.0 (api) - DEBUG - GET to endpoint: discover/topical_explore/?is_prefetch=true&omit_cover_media=true&use_sectional_payload=true&timezone_offset=0&session_id=8d7a2a2a-bcf8-4062-bd15-b7f9881a6fd2&include_fixed_destinations=true returned response: <Response [200]>
2021-04-19 18:06:42,081 - instabot version: 0.117.0 (api) - DEBUG - POST to endpoint: notifications/badge/ returned response: <Response [200]>
2021-04-19 18:06:42,810 - instabot version: 0.117.0 (api) - DEBUG - POST to endpoint: qp/batch_fetch/ returned response: <Response [200]>
2021-04-19 18:06:42,810 - instabot version: 0.117.0 (bot_checkpoint) - DEBUG - Loading Checkpoint file from: D:\ProjectFiles\FacebookApiParsing/config/z.y.yeltay.checkpoint
2021-04-19 18:06:52,028 - instabot version: 0.117.0 (api) - DEBUG - GET to endpoint: media/2081356494843913014_6323132732/info/ returned response: <Response [200]>
2021-04-19 18:07:30,687 - instabot version: 0.117.0 (bot_checkpoint) - DEBUG - Saving Checkpoint file to: D:\ProjectFiles\FacebookApiParsing/config/z.y.yeltay.checkpoint
2021-04-19 18:07:30,687 - instabot version: 0.117.0 (bot) - INFO - Total requests: 32
